
Session Start: Wed Jun 27 18:51:49 2001
*** Connecting to libres.irc-hispano.org (6667)
-
-sirius.irc-hispano.org- *** Found your hostname (CACHED!).
-
-sirius.irc-hispano.org- *** Checking Ident
-
-sirius.irc-hispano.org- *** Checking WinGate/SocksProxy security...
-
-sirius.irc-hispano.org- *** Proxy test passed.
-
-sirius.irc-hispano.org- *** Got ident response
-
PING? PONG!
-
-NiCK- *** Protección IP: tu dirección virtual es AgRLIA.DHqD9b.virtual
-
Welcome to the Internet Relay Network NeoNightm
Your host is sirius.irc-hispano.org, running version u2.10.H.02.50
This server was created Mon Jun 4 2001 at 10:46:27 CEST
sirius.irc-hispano.org u2.10.H.02.50 dioswkg biklmnopstv
-
There are 15075 users and 5224 invisible on 47 servers
34 operator(s) online
4 unknown connection(s)
11646 channels formed
I have 608 clients and 1 servers
-
Current local users: 608 Max: 991 (Lunes, 4 de Junio de 2001 -- 23:14 +02:00)
Current global users: 20299 Max: 39395 (Martes, 26 de Junio de 2001 -- 23:56 +02:00)
-
MOTD File is missing
-
-sirius.irc-hispano.org- on 2 ca 1(2) ft 10(10)
-
*** NeoNightm sets mode: +x
-
*** NeoNightm sets mode: +i
-
Listing channels
-
Local host: 193-153-55-2.uc.nombres.ttd.es (193.153.55.2)
-
PING? PONG!
-
PING? PONG!
-
PING? PONG!
-
PING? PONG!
-
PING? PONG!
-
PING? PONG!
-
PING? PONG!
-
PING? PONG!
-
PING? PONG!
-
End of /List
-
PING? PONG!
-
PING? PONG!
-
PING? PONG!
-
PING? PONG!
-
PING? PONG!
-
PING? PONG!
-
PING? PONG!
-
*** Your nick is now Pamela
-
-NiCK- *** Protección IP: tu dirección virtual es AgRLIA.DHqD9b.virtual
-
*** Your nick is now inv885262
-
PING? PONG!
-
PING? PONG!
-
*** Your nick is now Pamel-_-
-
PING? PONG!
-
PING? PONG!
-
PING? PONG!
-
#barcelona Pamel-_- Operadora Annastasi crh _BeeR_ DiAbLo18^ ^_CoLeRa_ thebesons Selenex_ inv117288 mordecay ^princesa iscap Magna ferri77 inv340221 b-girl PaLuDeT julius37 joeel skater245 master10 inv182281 BONJAN enrique25 NeoDogma inv82975 _Laura_G CUBANO25 gitiyg REIZU ZaNgAnO69 NeNe_Way CarolBouc Miriam-18 Martitta selector- Bukowski asderoth inv152014 _sylvia^^ Sants29 Vinze ProfeBC55 shisssss canblaki Renton21 Gullit23 PAkMaN666 _EvA16_ ^Brujita1 
-
#barcelona @KynKy Sahsa Aaina LaRaFoR3V T0d0_|0k0 Jordi24 Endavant b-jeta carlos`` [Ari_bcn] koskobcn BOSS22 montaigne luping _kas Nuria22_ eeeeee frame_ jov maevilla @neverm|nd sWaY_ Arkakusa DANI_15 _TiT_ g-60 Elrond JERO5 fresa16 Ivan1_2i3 jenifer16 CHAVETE Shhhennna inv226155 F0LLAD0R Dell37 TIRREL Iemana ^eli hospiibcn Majime Entropy^ ^Istar18^ floritta HILL-- EMIASH _DoS-- inv975975 Brn _violet pinxo pajara_ra joanbbcn malva_ ALEX--Bcn Rebeca16 xevi20 
-
#barcelona lu_kas jessi_16 VeroRecta lafiestuk DraGoN_20 _ninna_ tunning anexa BcNBoY23 R16 luxe1 Taka- Isis14^^ Allex14 Ganesh^ SRRL Ganon666 CRYsss21 Jhona bunny25 RUBIA_D_P drogadito sabia_14 Bolognese marc21 navarrico krogoth _ROXITA_ inv039506 |Kurt| pirt moreno`17 transex el_loco lolybcn Evita19 emile [AnGeLa] Spidy^ payo istok _Marbcn_ merce18 mega24853 caparopol _Troky_ marc_29 pedro RYAN22 NiDoRiNa emi3333 raquel_17 _alegre chulee POWER_OP ZINNIA30 
-
#barcelona Raner shania_t inv549939 buddha Valery- SERGIO23 pedrules Wing Deividof osc19 chica10 NoCiOn [JOSE19] Mayte_bcn Companys Sandriitt Eli20 RoGGeR_ Judit_14^ kitkat1 Sessions- luis-bcn kuki26 _ShEaLdS [AnYbOdY] merche pitufeta ismael24 Robert24 untio_bcn sheilav21 boy17 YJONY LoNgUi^^ cotorrill conect Gangbang JOAN_BCN Que madame22 eli16 Nanny_ DSRE [Roger] Isis16 giselaaa tichu PACOTV T_CRUISE Marcosm sancarlo JORDIG Petrus26 STEMPLAR Xterminat 
-
#barcelona Cornella_ rapapow Battery20 ElDracon curtina ROS23 deicides amigo27 anithu Dj_666 Ecowave [Crazy] iuujuuuu ^SicnlaiR Row` EniGmtic_ [SaTMaN] dinamita_ dav17 lak-seiko DuneDain8 Oscar^` Strand odin15 Akull ^Chico21^ josefanta [^JaimE^] Mad_Max_D defilo barckleys mymy Wardian fib2001 DRAKO17 luisen Noreld raquel^^^ ^^darko^^ dama30 Julia23_- Ruben- Daesa makto inv011853 @Vaner @AuTisT Lydia28 Guerin stormm Juniorjak Kevo Drian CRY_S Danni20 bea_20 
-
#barcelona jordi30 Clan NaTy_ ALANsex inv307189 ABY_ JBL21 JOSE27_ muri-13 M0rganna epcilon extasisss SuMi3 giro23 ^irenita^ serchmon sexual_21 Badboy24 fer23 @RoBeRT ManBcn lechuguin laura17 mireva whati TRISTOTE olekkk quentin32 PocaBroma dynamita2 Bladis _Holly_ _Xeneize Saiver KENNY_220 ^Isteria^ sally38 montse34 fisioXY Stefany28 JAVIER_-_ NUDISTA weik Sheiks ^BluB^ DJ_aNReD daqrube PaZ^^ Op-Art travolta2 adonis25 ||Xena|| Besador19 misa_de_8 noi__-19 
-
#barcelona Chico19BC m1n1p1m3r Jancko Develop_X Maduro1 @Danae Hundryx__ mary_40 comadigui Alexfonts ^Bossma^ Khas24 monoys kaoume Melanie20 LidiaBcn BarnaBoy Bitxillu Gio17 nacho25 mont13 jimmy__ _markus edduuu Javi21 firebomb victor-_- Juanmy Agatha_85 javi14 danyelin TheGuru evatorre miri18 mouset BCNmoreno BrianF BLADE^18 longinus Titipum ChicaMart [noa] rebeldes2 anara Alba19 ELMESTIZO whiplash1 quiva^^ Herzio Mony_ ^OKW^ Enkarna B-L-A-D-E Lobomau-B 
-
#barcelona Ginga _XiKa_SoZ Modjo besons w[GUIF]w _bartleby dargor^ _JuKe_ koven__ sr_loBBo _lauri^ Ayanami21 XENOZOIC yaguar gusiluuuu [kat jimmorris DrAmorr _Xira_ Caliban24 kendaway Aalliyah []NiTrO[] antton33 +[HiPeR] FresKo^ jonosoc ANITA-17 VERONI-K Neisy22 MM- chico_^18 amantita Roger-22 hostil3 femeninas chico24t Bifron nuru raluca16 shania14 @xRICK007x inv934936 PSICO0ff Kalter ThRiLLSee Pilot18 mouse_ ANNE_18 eDu_n0_tA barcoyot platerita inv317613 
-
#barcelona _TORRENTE @innocent AMIKOUT diablo_ inv709093 Alberto29 Bin_laden moreno30 TIR Pullastr_ FREEDOM^_ jam_22 Zhivago GuapoBCN lia18 Carlillo @CiNN argen21 frikis21 Ismara wold JAVIII21 _antispam @Oge PepBcn29 veggetta marmolito paulina-r J_COOL_S owenbot Genuino sta-ko rosaDsang Rusbel Arthur0ff WaY Peree24 Monica23[ govinda20 Danhy17 +Aegis TheMesias AP0L02 
#barcelona End of /NAMES list.
-
PING? PONG!
-
#sevilla Pamel-_- +Jamiro +bobo] Chica82 negry_17 reyota inv068787 Sandor19 inovadora ernes beent atrevido nando23 pablo29 +PaTRiSa TUTANKHAM +Silencer1 +^WESTBAM^ YO^^ Raquelita +wiket +POTIPOTI1 +dulci42 +ROY17 loooka DrahciR iEfL johari pimpollo^ +Jorge23 +elRafa Frobek Laura-Ash +_CHRISTIN libra21 inv068585 fresona laurita17 pebbo17 cuvanito +Hermes22 J_HUNTER +Melibea21 K0ST0 Chorizo_ Berenia +{LOKILLA} terna +PuCHeRiTo miVerga charly-5 +ANIKA_18 
-
#sevilla coax Lolo3000 +Mafius conchi20 krabi maria28 +CaRReFouR ugsfg __INDIA__ Reg2 drazy medibox +Malber ali-13 +J_PabloII gatusso morenas Killooo +[^__^] flamenqui HEDPE rafa26 +quicky23 Cronista @SinNick Darken19 +MiNy^ isaac22 canari_o +leila15 inv616808 +SaNsE- BORISSSSS perobueno mari_- africa19 +FrankyZ NAlRA amigos876 Rebeca16 conchi46 pico24890 +OsKurA @Coby Fjavier28 Pako_18 natureza curro256 wol pjontas18 jondalo21 +BoNe18 Elfo22 VAMPIRO_2 
-
#sevilla Fer22 +besides blazz rafa36 Encarni19 inv068439 OBERTO nuri_17 NaHSeiD inv782568 +Dean_Mark MACHOS2 Mosqtera olay zocio ^Dr_Dre _Poeta_ vida25 +CNP KaiO17 @JAVII nena-15 +art- Manu16 ZARBY +knucles^ CoPeRiO +^YAKUZA^ esa_ neil18 elektra31 CANDYDEVI ZHOLTRIX Eros26 +Westbam22 melendez colegas +[-Pitu-] morima +JoMaRS RE_Y_RO +NaReK +{diosa23 elLigon2 CAPI_22 sonia12 @Skorpyon @Gene +francis-j IR1234 beluna loliteand ^destiny^ +latinas holandes 
-
#sevilla Chico21_- +sheyIa pinfloid +kbrax Egami TiFo Susana37 +_^Neox^_ PIER22 Did17 +missy20 +Flip^ sara21 C-Play7 luxe1 n_e_o I-MaC MORIJAKE carolina3 palermita Facundo-- +PIPO_24 +miranda20 TwoGirls beatriz- catichu PACO17 +KARPIN +flasch nuri18 +chicoSEVI chulee SALMA-- inv009273 CHuLiTa17 +tiopepe20 Record31 laira Alonso18 Isis14^^ +mthal +[TaY] enolaaaaa LeninCCCP Dieguittt Spudz +marius22 +Malilla- +SaNcHiRo djmartusk salva_pe breicor1 +Deimos^_ 
-
#sevilla +cuerpo2 +NoLoCreo +Isamar^^ marco1 +DJ_CHARLI socorrox_ +kyller +Dani18-2 aandrea +Wachytona +fresquivi +}kandela{ desfasao ^Boss^__ +Judas_21 marusha_ @PaSkY lolo42 jess_16 +jklhgugv _DaNte_ amigo27 +condefin Trema +KaNuToawa NERO +JIRGUERO Fiesta123 +pitilu baruk Arkalia toni45 +LeoNet +chety +chio20 +trium2 +[Richard] NENASS irene^ carmen^ jmendezva +sannen KesitO relambido +DraSSic The|Angel YaHiZa17 _bOnO TOPALANTE CIkOsBOOM trianerox +P-CASSO 
-
#sevilla Mary_19 +MarkHopus +dj_chica SFCfans +Crono5 +Er_BoLa Neus-16 +Israul ERGUAPO2 +aNDRo ERGUAPO1 +bolo69 +pitu16 inv018313 PACOS2222 mjkeenan +To_PiLLa0 MartinMan fiesteros Debra acer21 TRISTOTE +CARLOS32 Mujer39 VENUS_24 Lo-Re-Na +[migue] +lonnnng Sandra_ didan victor19 +Qatal @La_Morena Dan18 _chico21^ +salva2 Tasio_ Monic20- loba- +mankubero paco15 +Garrison_ bezukones +Sandra_23 ^Rbkita^ Angostini miht LUNA_^^ Roko16 +biKalient jesu17 chupapoll 
-
#sevilla @{sila} +oscar_19 +P0|aRis moreno +Morena_17 luna0666 tmf RafaPaz +PeLuSo^ chico_007 +killita +^muakiss^ +NANDO22 Ariadna^^ Barea angelilla DoCKeR +JoseC Neodark_ javi28 +equszZZ femiinass Ystea seudopodo +Daedalo pw9312 +CHESUS @HeLL +Besador19 chico23- WoLrKy82 Elektro] +_Krisa_ +BOYS21 +Grooo ohmio23 X-WOMAN^_ ant666 XY_XX flanagan_ +UnAngel jesus019 ROOSEVELT +L37 @^LiNcE^ satrusta +cusca CHAVALAS +ReBirthE +NoFx_javi +Dani28 jose24 MR_LIONE 
-
#sevilla +marybbel NENA_2 yocto4607 dumgeon griego__ MorganKel chicosexi MacDuco25 +pitbull4 +GiNnY_ manu23 +Er_NoTAzZ FrequenZ +Pierre_69 Tasca taz19 DIOS17 VENUSSS18 La_canija heshizero soltero16 aire1 AkiraCD^^ fullconta +NaTiVo +k-nu Jolibu8 @JOA Alberto29 SEV_30 DARKO20 DesKaRaDa ann_ Ruben_19 FRlSKY CoMoT ROBIN2 NENE24 Riverphoe +_antispam inv152634 @AoooA +my_self +a|LiS +Mr-Oizo +HALCON^^ +killerman +PaBLoC +ZeroPOiNT +inv151819 +ipcress +[K-os] 
-
#sevilla WINNER aijuet @JaPeR +P_Morgan eLeGaNt +BaSSSS +dj-alec +speedfnix @Powered AP0L02 +SHiVo-_- +Zalgu|dis 
#sevilla End of /NAMES list.
-
PING? PONG!
-
PING? PONG!
-
PING? PONG!
-
#coruña Pamel-_- AMPARO Kina pechugona inv173733 LAS Matilda36 chisco marta-37 inv632048 rekte^ AMOR-OSA @ChAbRiS inv626972 LOPOLOLO rff nalaya JeRRy_17 sani23 SaLoPLaST Rubia-A boys-14 EaRthOnE allen Exocet Jelooouuu birdmanx lilih danka noash mecanika sheke morenno Isis14^^ DARKMNAN el_jeke latina_17 el__poeta kidsa CHICAS^ chiiica Jonay merluzo16 BaBy17 boy^^15 nico15cor Drazic___ @ChEyEnNe Ripcu LAURA34 pabcor200 catii vampirax EVITA17 superiorr han33324 
-
#coruña emsa GYM ^lebi^ lIRICA^^ cachondoX moreno24_ huelebien bermus llajho18 polder ]^Montys[ chaquico dairyam el-jeke pirolo00 DBS chopita tab couto Cartman-X LA_GOLFAX PAGANHO19 chikita15 {AmbeR} _VIENTO_ CHURINA^^ BRUJA29_ javvier Raquelita andresita [^Lucia^] punkeiro ANDRES18 inv137004 Moreno24 SCORPTALK ChetoOoOo [dj_kase cAsTiGaDa `Noodles @{^MeigA^} nando23 ROCCO23 loooka PAPALUZ CaMpUsNeT richy_16 destiny`s Fauscraft [david-17 paulina_^ YO^^ 
-
#coruña Belial666 RINA Angelo20 Joni___- Animalote lanena1 sierralim _duquela_ fresona ADA25 Krral MaRqViTos marcos25 BRYAN__^ Belen35 ississ piyina7 VINSEN34 acira SinPaTiCo Lusy16_ PASS chinnitta bufalo30 ChiK0_18 V1KTHOR nyoka Martitta deejai MQMF_ etooooooo MiNy^ alber_to loliteand SeS_one CHALADAS DiaboloX antelo_2 miluca aradna Diablitos ALCHEMI gg_gz T0d0_|0k0 nesto Micky20 ^8 rubita31- RUBY24^ ^Trapa^ logo2 edu_25 zetta78 bates NIKE29 soottoo KoROvA 
-
#coruña LAALAAA CHICO_18_ NeChOxXxX sole___ peta ARES_ Ethernno Quaiver soyluis chicas-17 lydyyyaa DraGoN_20 Nogil chatina-- toryas chikax16 @PedRy GUAYAMERA Nyala esa_ Fran_III IVI_ kosamuy CHNF jeison one_day vitu ghattita ligon_20 sonmar chicax ELOY18 CARLOS^_^ Angelus_ BienAcido CHICAS20 N3STOR RYAN22 Nani30 inv475866 morpheo_T Corey_8 Alex---19 McEviloff RAY23 SHANILA ^chispass ScOrPi-EV ^KoBaiN^ fran__13_ X__ merce-des LA_RUBIA^ kAoRu^_^ TanioLiS 
-
#coruña piroca [LoKo^] morena_20 sexygirl2 rubeen22_ super ACEMAN tilia parley CUJO78 ardillo pastor^ RICHY_12 Jobo Quimi2 DjJoe Millencol _RAUL14_ lovely16 inv965394 Janillo alexia___ mariaa30 kool_166 inv837829 inv622337 Yamy_25 lord-ares koki1 E-D-U ciyan MARTANA SNOB^ cachonda tre Dartt genias16 jano24 Rauber agalicia nenyar Javim chikko barbbye22 Kchon2_15 gary^^ Agny rexy A2B-LAS mili1132 nikitas ^|DARK|^ paula_004 ELchico10 ironyc Kunaguaro ^LaLo^ 
-
#coruña XeNa- lizer ARON_ DJ-Lia ^OsTraS^ SomaSam copo Ruben35 Er_BoLa @basty BETKA relambido Mon- RaFa-GaS _NISSA_ Lolodj MUSGRAVE _MeGaN lore16 Macnay CYBERBOY \OCB\ FOGERTYAS cRico Cat21 vibrador markuss TRISTOTE Lo-Re-Na negrazo31 azarael nereeeea mentesana Da2^aWaY ^EMIN3N^ LUCY5581 Saloth wissston JohnSmith uneven keky DrHLecter BOYFREE69 Satre PEIBOLL gus39 FaileD Vandicoot ^wesley^ oscar_19 Lokura146 jdc SOLTERO51 MaX36 CELIA_38 TheRealMe sira18 
-
#coruña bella22 ilove EL_ARROBA AmpArOo sandro25 HISPANO^^ modes ChicaMart capullino inv618449 gussssss MAYRA rivaldo21 tary Ferrobus liberto25 BaBycAsEy kurruska chica2002 mxfhjkgdh Gato_negr aitana43 Bad-Angel RERE2 Ryan_17 Aurall mamapo nenitas Sabela38 auk amoroso3 @[HiPeR] espermax Gurry [Bolera] PiRoLuDo A_SANZ miriam_- Kitaro_ca MlLA MAMADAS fcffgf +predator SEXOATOPE chica17 invitao00 LIM0NERa Kchndas emma__15 inv972174 RAZZ^` rubialex @NeKRoMaNT 
-
#coruña El-MiRoN {-ZeRoS-} Alberto29 JakeMate_ KaLa102 socio__ SUPERTROG Juan-18 Cheyenne_ @TheWizard @El_WeBeR0 Xis JuGeRnAuT maravedi_ _antispam +BeTTyBoP ^^borja^^ babys owenbot JAO SpAwN Net2000- chica13 kidsay reyes tias13 luis29 paid Nyk rottweil AP0L02 
#coruña End of /NAMES list.
-
*** Ignored DCC Send request from barbaro23
-
PING? PONG!
-
PING? PONG!
-
PING? PONG!
-
#granada Pamel-_- ex LaToya_^ casta SummerBoY China--^ boy-21 JeSSy__ BLADE-0- Ely^ Matones chica20 CrIsThEr blostr Yambo49 Maru15 songohan jjose26 jokkersey Atlas_ TREAD Amandda neon_35 galateas inv033868 rubiamiu TAK28 GiNkGo^ Gluecifer SUSANNA18 niyuu destello miaoo skate77 Keawe Cicco_17_ BLUE-GIRL CHAVALLLL BIRLAS RatzieI CHATI CHICOGUAP o_O` aguila27 Sany_^ sabr0s0na PepaRuiz RaveN^^ Nenufara mcbeal rivaldo11 _YASMIN_ CoYoTe_99 AcEcHo _^Smash^_ Gas5 
-
#granada _Ant15_ Romario11 rife partyman] jin_jin ThePrince hAmLeT18 CHEMAM-- VEN0M frico douce_ Hilixia Kela-17 DEEJAY_XY SHEYK CRUZADO_ Blaster__ [TxAmPi] _mkiah_ Koldako konicni mazau Kolgui DARKMNAN sabrosona inv068807 @^bilbo^ pavloh14 @^Merlin^ inv518949 jorge-18 ^amanda^ inv641070 Luck_2001 Brit14Ney Marikilla sonicxxx FrankyZ Cachas21 Alfredo31 amante25 Chino19 girls13 aixamala Waldy_esp yamaha16 bea_20 Merindda leticia_ hdi libra21 fresona Redisis2 
-
#granada tettxu Helena__ ajopo BatRai la_pirbu ssen Surferos LUA^ @Maestruu vistillos acira Yessy^^ fjkladfa venus^^^^ LuCky^kas iXRaeL RO18 LockMAN piguero uranos lk__off Luarna MaliCia17 Gladiador Jose15 inv151998 Fran_18 carlos_cc goleador carmen- ccharly2 skygirl DjRosa Javichu30 Fer22 leti12 Charlie69 tiranno VIRGINIA^ Muchomu_ DjFJ MARLEN2 almi jose16 Speedy_g @atari andres_25 chico_16 dionisos PC_ MaTtS Sira- mafi^_^ YoGano arkkana22 ElCadaver CAPI_22 
-
#granada zarvaje giants maserati mystics ANUKA____ SLash22 Farlop- @BlackEvil amigables chica116 capi8 mondragon vampiro_3 @]kBrA[ raaUL MACHOTE YO_CLEOPA OSCURIDA MARYHOLA Kitty_kat FantasY_ VaNeScuLL audreau YcLaN SAMSAM jorge20^^ SiNeZe luz_14 @aNNiBaL LUNA16 anabn Binfinder mashorro_ MboY_ mmaria16 BRABPITT CAMEO MORENOS-2 SeXoBoY Mc_Luke NEOS_ Mario19 CUJO78 zalyber brujitas_ Artemic jose marco1 sigosiend DANI--- Jonnny ^senon inv150278 shasila inma18___ 
-
#granada dj_repeto inv827392 IRENE--- davilillo GOKUSOON Trema Estefi ston tma_ ^AxO^ miau17 tizano collejjo Eva_22 ^^NORAY^^ fassa ^Eddu25^ tokitoki J0CKER sylka Alex40 Yago23 omphta rubita^^ claudia20 granada74 victor_-_ JYl rubita_13 xenia36 ztronick GizbO---- AlejGr37 muxaxa19 sara18_ Butano roberto^_ LUKE---- _CHiCa__ Nanny18 megan200 chucky1 Daren Damachia ele20 avid16 Guepeto COMODA_S hamelina CRUISE22 xavi33 DATIVO-16 gony Lhenna Peluss Lua_ antonio28 
-
#granada ROMEO20 MANU20- ASIRAFEL PacoMM LueMes CHICAS-13 Quesada xavi_ assulada DRAMSTAR yemel ULISES25 KEVVIN shania_t sara18 SADE^^ Taigirs funner DALMATA_ ^tuhombre +_MoEsHa pivones pandora20 JaiCo Sarai^^ x-xis CUSITA Indomable ChicaMart yoxquesi Atreides^ CoReC velocido Shakes Dementrix Melmek Piadoli Rafafa--- [MaDDeN] yo-no-fuy suisui uSuRPaDoR Kaperudo list^^ chup Chica-_13 drPS2 kPaChA mayka21 JuanPC BalroG_ inv218892 amantita [HiPeR] Nyxtica 
-
#granada EdWiNa^^ Ahinoan19 _^tony^_ AJ1 atarus inv669093 [CoM] ideal er-moreno @TyGer HuEhELLo LoN_OuT DalaiLama Olga69 TUNDER_aw AleX21 Elia_- metre er_vincen hans ^miguel^- ZAYDA _antispam +La_RoCCa +Arthur0ff J_COOL_S mario22 Dimelo reyes AP0L02 
#granada End of /NAMES list.
-
PING? PONG!
-
PING? PONG!
-
PING? PONG!
-
*** Disconnected
Session Close: Wed Jun 27 19:56:07 2001


Session Start: Sat Jul 21 14:07:10 2001
*** Connecting to libres.irc-hispano.org (6667)
-
-kalisto.irc-hispano.org- *** Looking up your hostname...
-
-kalisto.irc-hispano.org- *** Checking Ident
-
-kalisto.irc-hispano.org- *** Checking WinGate/SocksProxy security...
-
-kalisto.irc-hispano.org- *** Found your hostname.
-
-kalisto.irc-hispano.org- *** Proxy test passed.
-
-kalisto.irc-hispano.org- *** Got ident response
-
PING? PONG!
-
-NiCK- *** Protección IP: tu dirección virtual es B6VofQ.DVSXwz.virtual
-
Welcome to the Internet Relay Network Pamel-_-
Your host is kalisto.irc-hispano.org, running version u2.10.H.02.50
This server was created Thu Jun 28 2001 at 09:52:00 MET DST
kalisto.irc-hispano.org u2.10.H.02.50 dioswkg biklmnopstv
-
There are 9804 users and 3619 invisible on 43 servers
32 operator(s) online
2 unknown connection(s)
10664 channels formed
I have 182 clients and 1 servers
-
Current local users: 182 Max: 691 (Miercoles, 4 de Julio de 2001 -- 23:54 +02:00)
Current global users: 13423 Max: 38686 (Miercoles, 4 de Julio de 2001 -- 23:41 +02:00)
-
Message of the Day, kalisto.irc-hispano.org
-
- 28/6/2001 9:52
- Bienvenido al IRC de R.
- <irc.mundo-r.com>
- 
End of /MOTD command.
-
-kalisto.irc-hispano.org- on 2 ca 1(2) ft 10(10)
-
*** Pamel-_- sets mode: +x
-
*** Pamel-_- sets mode: +i
-
Listing channels
-
Local host: 193-153-1-149.uc.nombres.ttd.es (193.153.1.149)
-
PING? PONG!
-
Session Close: Sat Jul 21 14:10:33 2001


Session Start: Sun Jul 29 19:06:37 2001
*** Connecting to libres.irc-hispano.org (6667)
-
-carme.irc-hispano.org- *** Looking up your hostname...
-
-carme.irc-hispano.org- *** Checking Ident
-
-carme.irc-hispano.org- *** Checking WinGate/SocksProxy security...
-
-carme.irc-hispano.org- *** Found your hostname.
-
-carme.irc-hispano.org- *** Proxy test passed.
-
-carme.irc-hispano.org- *** Got ident response
-
PING? PONG!
-
-NiCK- *** Protección IP: tu dirección virtual es Cvg9w3.AS6EvJ.virtual
-
Welcome to the Internet Relay Network Pamel-_-
Your host is carme.irc-hispano.org, running version u2.10.H.02.50
This server was created Mon Jul 9 2001 at 18:03:30 CEST
carme.irc-hispano.org u2.10.H.02.50 dioswkg biklmnopstv
-
There are 15154 users and 5154 invisible on 44 servers
35 operator(s) online
12 unknown connection(s)
12125 channels formed
I have 1642 clients and 1 servers
-
Current local users: 1642 Max: 2910 (Martes, 17 de Julio de 2001 -- 23:52 +02:00)
Current global users: 20308 Max: 38138 (Martes, 17 de Julio de 2001 -- 23:45 +02:00)
-
Message of the Day, carme.irc-hispano.org
-
- 9/7/2001 18:19
- Bienvenidos a ...
- 
- C A R M E
- 
- Servidor alojado en intelideas. http://www.intelideas.com
- 
- 
- Por favor lea las siguientes condiciones de uso:
- http://www.intelideas.com/condiciones.uso.shtml
- Si usted no las acepta, le rogamos se desconecte de nuestro servidor.
-  
- Este servidor esta integrado en iRC-Hispano. http://www.irc-hispano.org
- iRC-Hispano tiene las siguientes normas de uso que le rogamos lea:
- http://www.irc-hispano.org/admin/normativa.html
- Si usted no las acepta, le rogamos se desconecte de nuestro servidor.
-  
- Puede acceder desde el puerto 6665 al 7000.
-  
- Tus sugerencias/comentarios a: irc@intelideas.com
- Tus quejas sobre abusos cometidos en este servidor a: abuse@intelideas.com
- Tus quejas sobre la red irc-hispano a: quejas@irc-hispano.org
End of /MOTD command.
-
-carme.irc-hispano.org- on 2 ca 1(2) ft 10(10)
-
*** Pamel-_- sets mode: +x
-
*** Pamel-_- sets mode: +i
-
Local host: 213-99-208-45.uc.nombres.ttd.es (213.99.208.45)
-
Listing channels
-
PING? PONG!
-
PING? PONG!
-
End of /List
-
PING? PONG!
-
PING? PONG!
-
PING? PONG!
-
Session Close: Sun Jul 29 19:14:48 2001


Session Start: Thu Aug 02 21:20:36 2001
*** Connecting to libres.irc-hispano.org (6667)
-
-atreides.irc-hispano.org- *** Looking up your hostname...
-
-atreides.irc-hispano.org- *** Checking Ident
-
-atreides.irc-hispano.org- *** Checking WinGate/SocksProxy security...
-
-atreides.irc-hispano.org- *** Found your hostname.
-
-atreides.irc-hispano.org- *** Proxy test passed.
-
-atreides.irc-hispano.org- *** Got ident response
-
PING? PONG!
-
-NiCK- *** Protección IP: tu dirección virtual es BKKqVh.D4EHV3.virtual
-
Welcome to the Internet Relay Network Pamel-_-
Your host is atreides.irc-hispano.org, running version u2.10.H.02.50
This server was created Mon Jun 4 2001 at 10:54:49 MET DST
atreides.irc-hispano.org u2.10.H.02.50 dioswkg biklmnopstv
-
There are 16925 users and 5705 invisible on 42 servers
32 operator(s) online
22 unknown connection(s)
13153 channels formed
I have 2441 clients and 1 servers
-
Current local users: 2441 Max: 4518 (Martes, 17 de Julio de 2001 -- 23:26 +02:00)
Current global users: 22630 Max: 38138 (Martes, 17 de Julio de 2001 -- 23:45 +02:00)
-
Message of the Day, atreides.irc-hispano.org
-
- 4/6/2001 10:54
- 
-  -----------------------------------------
- 
-  Bienvenidos al servidor de IRC de Arrakis
- 
-  Puedes consultar normas de convivencia en:
-   http://www.irc-hispano.org
- 
-  -----------------------------------------
-  
End of /MOTD command.
-
-atreides.irc-hispano.org- on 1 ca 1(2) ft 10(10)
-
*** Pamel-_- sets mode: +x
-
*** Pamel-_- sets mode: +i
-
Local host: 213-99-208-93.uc.nombres.ttd.es (213.99.208.93)
-
Listing channels
-
PING? PONG!
-
PING? PONG!
-
End of /List
-
PING? PONG!
-
PING? PONG!
-
PING? PONG!
-
PING? PONG!
-
PING? PONG!
-
PING? PONG!
-
PING? PONG!
-
PING? PONG!
-
PING? PONG!
-
PING? PONG!
-
PING? PONG!
-
PING? PONG!
-
PING? PONG!
-
PING? PONG!
-
PING? PONG!
-
* /splay: unable to play 'c:\mirc\download\publibot\offline.wav'
-
Session Close: Thu Aug 02 21:47:28 2001


Session Start: Mon Dec 03 22:30:55 2001
*** Connecting to libres.irc-hispano.org (6667)
-

Session Start: Mon Dec 17 22:31:52 2001
*** Connecting to libres.irc-hispano.org (6667)
-
Session Close: Mon Dec 17 22:31:57 2001

